MPASM  5.51                         BLINK.ASM   2-15-2018  14:11:02         PAGE  1


LOC  OBJECT CODE     LINE SOURCE TEXT
  VALUE

                      00001 
                      00002 ; PICBASIC PRO(TM) Compiler 2.47, (c) 1998, 2006 microEngineering Labs, Inc. All Rights Reserved.  
  00000001            00003 _USED                   EQU     1
                      00004 
                      00005         INCLUDE "C:\PBP\18F2420.INC"
                      00001 ;****************************************************************
                      00002 ;*  18F2420.INC                                                 *
                      00003 ;*                                                              *
                      00004 ;*  By        : Leonard Zerman, Jeff Schmoyer                   *
                      00005 ;*  Notice    : Copyright (c) 2006 microEngineering Labs, Inc.  *
                      00006 ;*              All Rights Reserved                             *
                      00007 ;*  Date      : 06/05/06                                        *
                      00008 ;*  Version   : 2.47                                            *
                      00009 ;*  Notes     :                                                 *
                      00010 ;****************************************************************
                      00017         LIST
                      00018         LIST p = 18F2420, r = dec, w = -311, w = -230, f = inhx32
                      00019         INCLUDE "P18F2420.INC"   ; MPASM  Header
                      00001         LIST
                      00002 
                      00003 ;==========================================================================
                      00004 ;  MPASM PIC18F2420 processor include
                      00005 ; 
                      00006 ;  (c) Copyright 1999-2013 Microchip Technology, All rights reserved
                      00007 ;==========================================================================
                      00008 
                      01291         LIST
300000 F1FF           00020         __CONFIG    _CONFIG1H, _OSC_XT_1H
300002 F31F           00021         __CONFIG    _CONFIG2H, _WDT_ON_2H & _WDTPS_512_2H
300004 FDFF           00022         __CONFIG    _CONFIG3H, _PBADEN_OFF_3H
300006 FFBB           00023         __CONFIG    _CONFIG4L, _LVP_OFF_4L & _XINST_OFF_4L
                      00026         LIST
  00F00000            00027 EEPROM_START    EQU     0F00000h
  00000040            00028 BLOCK_SIZE      EQU     64
                      00006 
                      00007 
                      00008 ; Define statements.
                      00009 #define         OSC              1
                      00010 
  00000000            00011 RAM_START                       EQU     00000h
  000002FF            00012 RAM_END                         EQU     002FFh
  00000003            00013 RAM_BANKS                       EQU     00003h
  00000080            00014 BANK0_START                     EQU     00080h
  000000FF            00015 BANK0_END                       EQU     000FFh
  00000100            00016 BANK1_START                     EQU     00100h
  000001FF            00017 BANK1_END                       EQU     001FFh
  00000200            00018 BANK2_START                     EQU     00200h
  000002FF            00019 BANK2_END                       EQU     002FFh
  00000000            00020 BANKA_START                     EQU     00000h
  0000007F            00021 BANKA_END                       EQU     0007Fh
                      00022 
  00000000            00023 FLAGS                           EQU     RAM_START + 000h
  00000001            00024 R0                              EQU     RAM_START + 001h
MPASM  5.51                         BLINK.ASM   2-15-2018  14:11:02         PAGE  2


LOC  OBJECT CODE     LINE SOURCE TEXT
  VALUE

  00000003            00025 R1                              EQU     RAM_START + 003h
  00000005            00026 R2                              EQU     RAM_START + 005h
  00000007            00027 R3                              EQU     RAM_START + 007h
  00000009            00028 R4                              EQU     RAM_START + 009h
  0000000B            00029 R5                              EQU     RAM_START + 00Bh
  0000000D            00030 R6                              EQU     RAM_START + 00Dh
  0000000F            00031 R7                              EQU     RAM_START + 00Fh
  00000011            00032 R8                              EQU     RAM_START + 011h
  00000013            00033 GOP                             EQU     RAM_START + 013h
  00000014            00034 RM1                             EQU     RAM_START + 014h
  00000015            00035 RM2                             EQU     RAM_START + 015h
  00000016            00036 RR1                             EQU     RAM_START + 016h
  00000017            00037 RR2                             EQU     RAM_START + 017h
  00000018            00038 RS1                             EQU     RAM_START + 018h
  00000019            00039 RS2                             EQU     RAM_START + 019h
  00000F81            00040 _PORTL                          EQU      PORTB
  00000F82            00041 _PORTH                          EQU      PORTC
  00000F93            00042 _TRISL                          EQU      TRISB
  00000F94            00043 _TRISH                          EQU      TRISC
                      00044 #define _PORTC??4                PORTC, 004h
                      00045 
                      00046 ; EEPROM data.
                      00047 
                      00048 
                      00049         INCLUDE "BLINK.MAC"
                      00001 
                      00039         LIST
                      00050         INCLUDE "C:\PBP\PBPPIC18.LIB"
                      00001 ;******************************************************************
                      00002 ;*  PBPPIC18.LIB                                                  *
                      00003 ;*                                                                *
                      00004 ;*  By        : Leonard Zerman, Jeff Schmoyer                     *
                      00005 ;*  Notice    : Copyright (c) 2006 microEngineering Labs, Inc.    *
                      00006 ;*              All Rights Reserved                               *
                      00007 ;*  Date      : 06/05/06                                          *
                      00008 ;*  Version   : 2.47                                              *
                      00009 ;*  Notes     :                                                   *
                      00010 ;******************************************************************
                      01147   LIST
000000                01148     ORG RESET_ORG               ; Reset vector at 0
                      01157   LIST
000000 EF13 F000      01158         goto    INIT            ; Finish initialization
                      06227   LIST
000004 6A04           06228 PAUSE   clrf    R1 + 1
000006 6E03           06229 PAUSEL  movwf   R1
000008 0EFF           06230 pauseloop movlw -1              ; 1 (9)
00000A 2603           06231         addwf   R1, F           ; 1
00000C A0D8           06232         btfss   STATUS, C       ; 1 / 2
00000E 2604           06233         addwf   R1 + 1, F       ; 1 / 0
000010 A0D8           06234         btfss   STATUS, C       ; 2
000012 EF10 F000      06235         goto    DUNN
000016 0E03           06236         movlw   (PAUSE_DELAY) >> 8      ; 1
000018 6E02           06237         movwf   R0 + 1          ; 1
MPASM  5.51                         BLINK.ASM   2-15-2018  14:11:02         PAGE  3


LOC  OBJECT CODE     LINE SOURCE TEXT
  VALUE

00001A 0EC4           06238         movlw   low (PAUSE_DELAY)       ; 1
Error[113]  : Symbol not previously defined (PAUSEUSL)
00001C DFF1           06239         rcall   PAUSEUSL        ; -2 (PAUSEUSL gives you 2 less than you ask for)
00001E D7F4           06240         bra     pauseloop       ; 2
                      07647   LIST
000020 0100           07648 DUNN    movlb   0               ; 1 Reset banks to 0
                      07649 DUNN3   CLRWDT?NOP              ; 1 Hit Watchdog timer
                          M     ifndef NO_CLRWDT
000022 0004               M         clrwdt
                          M     else
                          M         nop
                          M     endif
000024 0012           07650 DUNNRET return                  ; 2 Done
                      07663   LIST
000026                07664 INIT
                      07708   LIST
000026                07709 main
                      00051 
                      00052         MOVE?CB 040h, OSCCON
                          M         CHK?RP  OSCCON
                          M     if (((OSCCON) > BANKA_END) & ((OSCCON) < (0f01h + BANKA_END)))
                          M       if (((OSCCON) & 0f00h) != (PREV_BANK << 8))
                          M         movlb   high (OSCCON)
                          M PREV_BANK = high (OSCCON)
                          M       endif
                          M     endif
                          M     if (low (040h) == 0)
                          M         clrf    OSCCON
                          M     else
000026 0E40               M         movlw   low (040h)
000028 6ED3               M         movwf   OSCCON
                          M     endif
                      00053         MOVE?CB 000h, TRISC
                          M         CHK?RP  TRISC
                          M     if (((TRISC) > BANKA_END) & ((TRISC) < (0f01h + BANKA_END)))
                          M       if (((TRISC) & 0f00h) != (PREV_BANK << 8))
                          M         movlb   high (TRISC)
                          M PREV_BANK = high (TRISC)
                          M       endif
                          M     endif
                          M     if (low (000h) == 0)
00002A 6A94               M         clrf    TRISC
                          M     else
                          M         movlw   low (000h)
                          M         movwf   TRISC
                          M     endif
                      00054 
                      00055         LABEL?L _main   
                          M         RST?RP
                          M     if (PREV_BANK != 0)
                          M         movlb   0
                          M PREV_BANK = 0
                          M     endif
MPASM  5.51                         BLINK.ASM   2-15-2018  14:11:02         PAGE  4


LOC  OBJECT CODE     LINE SOURCE TEXT
  VALUE

                          M     ifdef PM_USED
                          M         LALL
                          M _main
                          M         XALL
                          M     else
00002C                    M _main
                          M     endif
                      00056         MOVE?CT 001h, _PORTC??4
                          M         CHK?RP  PORTC
                          M     if (((PORTC) > BANKA_END) & ((PORTC) < (0f01h + BANKA_END)))
                          M       if (((PORTC) & 0f00h) != (PREV_BANK << 8))
                          M         movlb   high (PORTC)
                          M PREV_BANK = high (PORTC)
                          M       endif
                          M     endif
                          M     if (((001h) & 1) == 1)
00002C 8882               M         bsf     PORTC,  004h
                          M     else
                          M         bcf     PORTC,  004h
                          M     endif
                      00057         PAUSE?C 001F4h
                          M     if (high (001F4h) == 0)
                          M         MOVE?CA 001F4h
                          M         L?CALL  PAUSE
                          M     else
                          M         MOVE?CB high (001F4h), R1 + 1
                          M         CHK?RP  R1 + 1
                          M     if (((R1 + 1) > BANKA_END) & ((R1 + 1) < (0f01h + BANKA_END)))
                          M       if (((R1 + 1) & 0f00h) != (PREV_BANK << 8))
                          M         movlb   high (R1 + 1)
                          M PREV_BANK = high (R1 + 1)
                          M       endif
                          M     endif
                          M     if (low (high (001F4h)) == 0)
                          M         clrf    R1 + 1
                          M     else
00002E 0E01               M         movlw   low (high (001F4h))
000030 6E04               M         movwf   R1 + 1
                          M     endif
                          M         MOVE?CA low (001F4h)
000032 0EF4               M         movlw   low (low (001F4h))
                          M         L?CALL  PAUSEL
                          M         RST?RP
                          M     if (PREV_BANK != 0)
                          M         movlb   0
                          M PREV_BANK = 0
                          M     endif
                          M 
                          M     ifdef USE_LINKER
                          M         call    PAUSEL
                          M     else
                          M       if ((PAUSEL) < 1)
                          M         call    PAUSEL
MPASM  5.51                         BLINK.ASM   2-15-2018  14:11:02         PAGE  5


LOC  OBJECT CODE     LINE SOURCE TEXT
  VALUE

                          M       else
                          M         if ((PAUSEL) > $)
                          M         call    PAUSEL
                          M         else
                          M           if ((PAUSEL) < ($ - 3ffh))
                          M         call    PAUSEL
                          M           else
000034 DFE8               M         rcall   PAUSEL
                          M           endif
                          M         endif
                          M       endif
                          M     endif
                          M     endif
                      00058         MOVE?CT 000h, _PORTC??4
                          M         CHK?RP  PORTC
                          M     if (((PORTC) > BANKA_END) & ((PORTC) < (0f01h + BANKA_END)))
                          M       if (((PORTC) & 0f00h) != (PREV_BANK << 8))
                          M         movlb   high (PORTC)
                          M PREV_BANK = high (PORTC)
                          M       endif
                          M     endif
                          M     if (((000h) & 1) == 1)
                          M         bsf     PORTC,  004h
                          M     else
000036 9882               M         bcf     PORTC,  004h
                          M     endif
                      00059         PAUSE?C 001F4h
                          M     if (high (001F4h) == 0)
                          M         MOVE?CA 001F4h
                          M         L?CALL  PAUSE
                          M     else
                          M         MOVE?CB high (001F4h), R1 + 1
                          M         CHK?RP  R1 + 1
                          M     if (((R1 + 1) > BANKA_END) & ((R1 + 1) < (0f01h + BANKA_END)))
                          M       if (((R1 + 1) & 0f00h) != (PREV_BANK << 8))
                          M         movlb   high (R1 + 1)
                          M PREV_BANK = high (R1 + 1)
                          M       endif
                          M     endif
                          M     if (low (high (001F4h)) == 0)
                          M         clrf    R1 + 1
                          M     else
000038 0E01               M         movlw   low (high (001F4h))
00003A 6E04               M         movwf   R1 + 1
                          M     endif
                          M         MOVE?CA low (001F4h)
00003C 0EF4               M         movlw   low (low (001F4h))
                          M         L?CALL  PAUSEL
                          M         RST?RP
                          M     if (PREV_BANK != 0)
                          M         movlb   0
                          M PREV_BANK = 0
                          M     endif
MPASM  5.51                         BLINK.ASM   2-15-2018  14:11:02         PAGE  6


LOC  OBJECT CODE     LINE SOURCE TEXT
  VALUE

                          M 
                          M     ifdef USE_LINKER
                          M         call    PAUSEL
                          M     else
                          M       if ((PAUSEL) < 1)
                          M         call    PAUSEL
                          M       else
                          M         if ((PAUSEL) > $)
                          M         call    PAUSEL
                          M         else
                          M           if ((PAUSEL) < ($ - 3ffh))
                          M         call    PAUSEL
                          M           else
00003E DFE3               M         rcall   PAUSEL
                          M           endif
                          M         endif
                          M       endif
                          M     endif
                          M     endif
                      00060         GOTO?L  _main
                          M         L?GOTO  _main
                          M     ifdef USE_LINKER
                          M         CLRWDT?
                          M     else
                          M       if ($ == (_main))
                          M         CLRWDT?
                          M       endif
                          M     endif
                          M 
                          M         RST?RP
                          M     if (PREV_BANK != 0)
                          M         movlb   0
                          M PREV_BANK = 0
                          M     endif
                          M 
                          M     ifdef USE_LINKER
                          M         goto    _main
                          M     else
                          M       if ((_main) < 1)
                          M         goto    _main
                          M       else
                          M         if ((_main) > $)
                          M         goto    _main
                          M         else
                          M           if ((_main) < ($ - 3ffh))
                          M         goto    _main
                          M           else
000040 D7F5               M         bra     _main
                          M           endif
                          M         endif
                          M       endif
                          M     endif
                      00061         END?    
MPASM  5.51                         BLINK.ASM   2-15-2018  14:11:02         PAGE  7


LOC  OBJECT CODE     LINE SOURCE TEXT
  VALUE

  0000                    M     local loop
000042 0003               M loop    sleep
000044 D7FE               M         bra     loop
                      00062 
                      00063         END
MPASM  5.51                         BLINK.ASM   2-15-2018  14:11:02         PAGE  8


SYMBOL TABLE
  LABEL                             VALUE 

A                                 00000000
ABDEN                             00000000
ABDOVF                            00000007
ACCESS                            00000000
ACKDT                             00000005
ACKEN                             00000004
ACKSTAT                           00000006
ACQT0                             00000003
ACQT1                             00000004
ACQT2                             00000005
ADCON0                            00000FC2
ADCON1                            00000FC1
ADCON2                            00000FC0
ADCS0                             00000000
ADCS1                             00000001
ADCS2                             00000002
ADC_BITS                          00000008
ADC_CLOCK                         00000003
ADC_SAMPLEUS                      00000032
ADDEN                             00000003
ADEN                              00000003
ADFM                              00000007
ADIE                              00000006
ADIF                              00000006
ADIP                              00000006
ADMSK1                            00000001
ADMSK2                            00000002
ADMSK3                            00000003
ADMSK4                            00000004
ADMSK5                            00000005
ADON                              00000000
ADRES                             00000FC3
ADRESH                            00000FC4
ADRESL                            00000FC3
AN0                               00000000
AN1                               00000001
AN10                              00000001
AN11                              00000004
AN12                              00000000
AN2                               00000002
AN3                               00000003
AN4                               00000005
AN8                               00000002
AN9                               00000003
BANK0_END                         000000FF
BANK0_START                       00000080
BANK1_END                         000001FF
BANK1_START                       00000100
BANK2_END                         000002FF
BANK2_START                       00000200
BANKA_END                         0000007F
BANKA_START                       00000000
BANKED                            00000001
MPASM  5.51                         BLINK.ASM   2-15-2018  14:11:02         PAGE  9


SYMBOL TABLE
  LABEL                             VALUE 

BAUDCON                           00000FB8
BAUDCTL                           00000FB8
BCLIE                             00000003
BCLIF                             00000003
BCLIP                             00000003
BF                                00000000
BGST                              00000005
BIT?FLIP                          
BIT?GOTO                          
BIT?R1                            
BIT?R2                            
BIT?W                             
BLOCK_SIZE                        00000040
BOR                               00000000
BRG16                             00000003
BRGH                              00000002
BSR                               00000FE0
BUTTON_PAUSE                      0000000A
C                                 00000000
C1INV                             00000004
C1OUT_CMCON                       00000006
C1OUT_PORTA                       00000004
C2INV                             00000005
C2OUT_CMCON                       00000007
C2OUT_PORTA                       00000005
CCP1                              00000002
CCP1CON                           00000FBD
CCP1IE                            00000002
CCP1IF                            00000002
CCP1IP                            00000002
CCP1M0                            00000000
CCP1M1                            00000001
CCP1M2                            00000002
CCP1M3                            00000003
CCP1X                             00000005
CCP1Y                             00000004
CCP1_BIT                          00000002
CCP1_REG                          00000F82
CCP2CON                           00000FBA
CCP2IE                            00000000
CCP2IF                            00000000
CCP2IP                            00000000
CCP2M0                            00000000
CCP2M1                            00000001
CCP2M2                            00000002
CCP2M3                            00000003
CCP2X                             00000005
CCP2Y                             00000004
CCP2_BIT                          00000001
CCP2_PORTB                        00000003
CCP2_PORTC                        00000001
CCP2_REG                          00000F82
CCPR1                             00000FBE
MPASM  5.51                         BLINK.ASM   2-15-2018  14:11:02         PAGE 10


SYMBOL TABLE
  LABEL                             VALUE 

CCPR1H                            00000FBF
CCPR1L                            00000FBE
CCPR2                             00000FBB
CCPR2H                            00000FBC
CCPR2L                            00000FBB
CFGS                              00000006
CHK?RP                            
CHS0                              00000002
CHS1                              00000003
CHS2                              00000004
CHS3                              00000005
CIS                               00000003
CK                                00000006
CKE                               00000006
CKP                               00000004
CLKI                              00000007
CLKO                              00000006
CLRWDT?                           
CLRWDT?NOP                        
CM0                               00000000
CM1                               00000001
CM2                               00000002
CMCON                             00000FB4
CMIE                              00000006
CMIF                              00000006
CMIP                              00000006
CREN                              00000004
CSRC                              00000007
CVR0                              00000000
CVR1                              00000001
CVR2                              00000002
CVR3                              00000003
CVRCON                            00000FB5
CVREF                             00000002
CVREN                             00000007
CVROE                             00000006
CVRR                              00000005
CVRSS                             00000004
D                                 00000005
DC                                00000001
DC1B0                             00000004
DC1B1                             00000005
DC2B0                             00000004
DC2B1                             00000005
DDRA                              TRISA
DDRB                              TRISB
DDRC                              TRISC
DDRD                              TRISD
DDRE                              TRISE
DEBUGIN_BIT                       00000000
DEBUGIN_MODE                      00000001
DEBUGIN_REG                       00000F81
DEBUG_BAUD                        00000960
MPASM  5.51                         BLINK.ASM   2-15-2018  14:11:02         PAGE 11


SYMBOL TABLE
  LABEL                             VALUE 

DEBUG_BIT                         00000000
DEBUG_DELAY                       0000016C
DEBUG_MODE                        00000001
DEBUG_REG                         00000F81
DONE                              00000001
DUNN                              00000020
DUNN3                             00000022
DUNNRET                           00000024
DUNN_USED                         00000001
D_A                               00000005
D_NOT_A                           00000005
ECCP1AS                           00000FB6
ECCP1DEL                          00000FB7
ECCPAS                            00000FB6
ECCPAS0                           00000004
ECCPAS1                           00000005
ECCPAS2                           00000006
ECCPASE                           00000007
EEADR                             00000FA9
EECON1                            00000FA6
EECON2                            00000FA7
EEDATA                            00000FA8
EEIE                              00000004
EEIF                              00000004
EEIP                              00000004
EEPGD                             00000007
EEPROM_START                      00F00000
END?                              
FAST                              00000001
FERR                              00000002
FLAGS                             00000000
FLT0                              00000000
FLTS                              00000002
FREE                              00000004
FSR0                              00000000
FSR0H                             00000FEA
FSR0L                             00000FE9
FSR1                              00000001
FSR1H                             00000FE2
FSR1L                             00000FE1
FSR2                              00000002
FSR2H                             00000FDA
FSR2L                             00000FD9
GCEN                              00000007
GIE                               00000007
GIEH                              00000007
GIEL                              00000006
GIE_GIEH                          00000007
GO                                00000001
GOP                               00000013
GOTO?L                            
GO_DONE                           00000001
GO_NOT_DONE                       00000001
MPASM  5.51                         BLINK.ASM   2-15-2018  14:11:02         PAGE 12


SYMBOL TABLE
  LABEL                             VALUE 

HLVDCON                           00000FD2
HLVDEN                            00000004
HLVDIE                            00000002
HLVDIF                            00000002
HLVDIN                            00000005
HLVDIP                            00000002
HLVDL0                            00000000
HLVDL1                            00000001
HLVDL2                            00000002
HLVDL3                            00000003
HSER2_BAUD                        00000960
HSER2_BITS                        00000008
HSER2_RCSTA                       00000090
HSER2_SPBRG                       00000006
HSER2_TXSTA                       00000020
HSER_BAUD                         00000960
HSER_BITS                         00000008
HSER_PORT                         00000001
HSER_RCSTA                        00000090
HSER_SPBRG                        00000006
HSER_TXSTA                        00000020
I2CFIRSTFLAG                      FLAGS, 2
I2CREADFLAG                       FLAGS, 3
I2CSTOPFLAG                       FLAGS, 5
I2CSTOPSTRFLAG                    FLAGS, 6
I2CWRITEFLAG                      FLAGS, 4
IDLEN                             00000007
INDF0                             00000FEF
INDF1                             00000FE7
INDF2                             00000FDF
INIT                              00000026
INT0                              00000000
INT0E                             00000004
INT0F                             00000001
INT0IE                            00000004
INT0IF                            00000001
INT1                              00000001
INT1E                             00000003
INT1F                             00000000
INT1IE                            00000003
INT1IF                            00000000
INT1IP                            00000006
INT1P                             00000006
INT2                              00000002
INT2E                             00000004
INT2F                             00000001
INT2IE                            00000004
INT2IF                            00000001
INT2IP                            00000007
INT2P                             00000007
INTCON                            00000FF2
INTCON2                           00000FF1
INTCON3                           00000FF0
MPASM  5.51                         BLINK.ASM   2-15-2018  14:11:02         PAGE 13


SYMBOL TABLE
  LABEL                             VALUE 

INTEDG0                           00000006
INTEDG1                           00000005
INTEDG2                           00000004
INTSRC                            00000007
IOFS                              00000002
IPEN                              00000007
IPR1                              00000F9F
IPR2                              00000FA2
IRCF0                             00000004
IRCF1                             00000005
IRCF2                             00000006
IRVST                             00000005
IVRST                             00000005
KBI0                              00000004
KBI1                              00000005
KBI2                              00000006
KBI3                              00000007
L?CALL                            
L?GOTO                            
LABEL?L                           
LATA                              00000F89
LATA0                             00000000
LATA1                             00000001
LATA2                             00000002
LATA3                             00000003
LATA4                             00000004
LATA5                             00000005
LATA6                             00000006
LATA7                             00000007
LATB                              00000F8A
LATB0                             00000000
LATB1                             00000001
LATB2                             00000002
LATB3                             00000003
LATB4                             00000004
LATB5                             00000005
LATB6                             00000006
LATB7                             00000007
LATC                              00000F8B
LATC0                             00000000
LATC1                             00000001
LATC2                             00000002
LATC3                             00000003
LATC4                             00000004
LATC5                             00000005
LATC6                             00000006
LATC7                             00000007
LCDCDFLAG                         FLAGS, 0
LCDINITFLAG                       FLAGS, 1
LCD_BITS                          00000004
LCD_COMMANDUS                     000007D0
LCD_DATAUS                        00000032
LCD_DBIT                          00000000
MPASM  5.51                         BLINK.ASM   2-15-2018  14:11:02         PAGE 14


SYMBOL TABLE
  LABEL                             VALUE 

LCD_DREG                          00000F80
LCD_EBIT                          00000003
LCD_EREG                          00000F81
LCD_LINES                         00000002
LCD_RSBIT                         00000004
LCD_RSREG                         00000F80
LCD_RWBIT                         00000004
LCD_RWREG                         00000F80
LVDCON                            00000FD2
LVDEN                             00000004
LVDIE                             00000002
LVDIF                             00000002
LVDIN                             00000005
LVDIP                             00000002
LVDL0                             00000000
LVDL1                             00000001
LVDL2                             00000002
LVDL3                             00000003
LVV0                              00000000
LVV1                              00000001
LVV2                              00000002
LVV3                              00000003
MCLR                              00000003
MOVE?AB                           
MOVE?AT                           
MOVE?AW                           
MOVE?AWW                          
MOVE?BA                           
MOVE?BB                           
MOVE?BT                           
MOVE?BW                           
MOVE?CA                           
MOVE?CB                           
MOVE?CT                           
MOVE?CW                           
MOVE?TA                           
MOVE?TB                           
MOVE?TT                           
MOVE?TW                           
MOVE?WA                           
MOVE?WB                           
MOVE?WT                           
MOVE?WW                           
MOVE?WWA                          
N                                 00000004
NOT_A                             00000005
NOT_ADDRESS                       00000005
NOT_BOR                           00000000
NOT_DONE                          00000001
NOT_MCLR                          00000003
NOT_PD                            00000002
NOT_POR                           00000001
NOT_RBPU                          00000007
MPASM  5.51                         BLINK.ASM   2-15-2018  14:11:02         PAGE 15


SYMBOL TABLE
  LABEL                             VALUE 

NOT_RI                            00000004
NOT_SS                            00000005
NOT_T1SYNC                        00000002
NOT_T3SYNC                        00000002
NOT_TO                            00000003
NOT_W                             00000002
NOT_WRITE                         00000002
OERR                              00000001
OSC                               1
OSC1                              00000007
OSC2                              00000006
OSCCON                            00000FD3
OSCFIE                            00000007
OSCFIF                            00000007
OSCFIP                            00000007
OSCTUNE                           00000F9B
OSTS                              00000003
OV                                00000003
P                                 00000004
PAUSE                             00000004
PAUSE?C                           
PAUSEL                            00000006
PAUSEUS_USED                      00000001
PAUSE_DELAY                       000003C4
PAUSE_USED                        00000001
PC                                00000FF9
PCFG0                             00000000
PCFG1                             00000001
PCFG2                             00000002
PCFG3                             00000003
PCL                               00000FF9
PCLATH                            00000FFA
PCLATU                            00000FFB
PD                                00000002
PEIE                              00000006
PEIE_GIEL                         00000006
PEN                               00000002
PGC                               00000006
PGD                               00000007
PGM                               00000005
PIE1                              00000F9D
PIE2                              00000FA0
PIR                               00000F9E
PIR1                              00000F9E
PIR2                              00000FA1
PLLEN                             00000006
PLUSW0                            00000FEB
PLUSW1                            00000FE3
PLUSW2                            00000FDB
POR                               00000001
PORTA                             00000F80
PORTB                             00000F81
PORTC                             00000F82
MPASM  5.51                         BLINK.ASM   2-15-2018  14:11:02         PAGE 16


SYMBOL TABLE
  LABEL                             VALUE 

PORTE                             00000F84
POSTDEC0                          00000FED
POSTDEC1                          00000FE5
POSTDEC2                          00000FDD
POSTINC0                          00000FEE
POSTINC1                          00000FE6
POSTINC2                          00000FDE
PR2                               00000FCB
PREINC0                           00000FEC
PREINC1                           00000FE4
PREINC2                           00000FDC
PREV_BANK                         00000000
PROD                              00000FF3
PRODH                             00000FF4
PRODL                             00000FF3
PRSEN                             00000007
PSA                               00000003
PSSAC0                            00000002
PSSAC1                            00000003
PWM1CON                           00000FB7
R                                 00000002
R0                                00000001
R1                                00000003
R2                                00000005
R3                                00000007
R4                                00000009
R5                                0000000B
R6                                0000000D
R7                                0000000F
R8                                00000011
RA0                               00000000
RA1                               00000001
RA2                               00000002
RA3                               00000003
RA4                               00000004
RA5                               00000005
RA6                               00000006
RA7                               00000007
RAM_BANKS                         00000003
RAM_END                           000002FF
RAM_START                         00000000
RB0                               00000000
RB1                               00000001
RB2                               00000002
RB3                               00000003
RB4                               00000004
RB5                               00000005
RB6                               00000006
RB7                               00000007
RBIE                              00000003
RBIF                              00000000
RBIP                              00000000
RBPU                              00000007
MPASM  5.51                         BLINK.ASM   2-15-2018  14:11:02         PAGE 17


SYMBOL TABLE
  LABEL                             VALUE 

RC0                               00000000
RC1                               00000001
RC2                               00000002
RC3                               00000003
RC4                               00000004
RC5                               00000005
RC6                               00000006
RC7                               00000007
RCEN                              00000003
RCIDL                             00000006
RCIE                              00000005
RCIF                              00000005
RCIP                              00000005
RCMT                              00000006
RCON                              00000FD0
RCREG                             00000FAE
RCSTA                             00000FAB
RD                                00000000
RD16                              00000007
RE3                               00000003
RESET_ORG                         00000000
RI                                00000004
RM1                               00000014
RM2                               00000015
RR1                               00000016
RR2                               00000017
RS1                               00000018
RS2                               00000019
RSEN                              00000001
RST?RP                            
RX                                00000007
RX9                               00000006
RX9D                              00000000
RXDTP                             00000005
R_NOT_W                           00000002
R_W                               00000002
S                                 00000003
SBOREN                            00000006
SCK                               00000003
SCKP                              00000004
SCL                               00000003
SCS0                              00000000
SCS1                              00000001
SDA                               00000004
SDI                               00000004
SDO                               00000005
SEN                               00000000
SENDB                             00000003
SMP                               00000007
SP0                               00000000
SP1                               00000001
SP2                               00000002
SP3                               00000003
MPASM  5.51                         BLINK.ASM   2-15-2018  14:11:02         PAGE 18


SYMBOL TABLE
  LABEL                             VALUE 

SP4                               00000004
SPBRG                             00000FAF
SPBRGH                            00000FB0
SPEN                              00000007
SREN                              00000005
SS                                00000005
SSPADD                            00000FC8
SSPBUF                            00000FC9
SSPCON1                           00000FC6
SSPCON2                           00000FC5
SSPEN                             00000005
SSPIE                             00000003
SSPIF                             00000003
SSPIP                             00000003
SSPM0                             00000000
SSPM1                             00000001
SSPM2                             00000002
SSPM3                             00000003
SSPOV                             00000006
SSPSTAT                           00000FC7
STATUS                            00000FD8
STKFUL                            00000007
STKOVF                            00000007
STKPTR                            00000FFC
STKUNF                            00000006
SWDTE                             00000000
SWDTEN                            00000000
SYNC                              00000004
T016BIT                           00000006
T08BIT                            00000006
T0CKI                             00000004
T0CON                             00000FD5
T0CS                              00000005
T0IE                              00000005
T0IF                              00000002
T0PS0                             00000000
T0PS1                             00000001
T0PS2                             00000002
T0PS3                             00000003
T0SE                              00000004
T13CKI                            00000000
T1CKI                             00000000
T1CKPS0                           00000004
T1CKPS1                           00000005
T1CON                             00000FCD
T1OSCEN                           00000003
T1OSI                             00000001
T1OSO                             00000000
T1RUN                             00000006
T1SYNC                            00000002
T2CKPS0                           00000000
T2CKPS1                           00000001
T2CON                             00000FCA
MPASM  5.51                         BLINK.ASM   2-15-2018  14:11:02         PAGE 19


SYMBOL TABLE
  LABEL                             VALUE 

T2OUTPS0                          00000003
T2OUTPS1                          00000004
T2OUTPS2                          00000005
T2OUTPS3                          00000006
T3CCP1                            00000003
T3CCP2                            00000006
T3CKPS0                           00000004
T3CKPS1                           00000005
T3CON                             00000FB1
T3SYNC                            00000002
TABLAT                            00000FF5
TBLPTR                            00000FF6
TBLPTRH                           00000FF7
TBLPTRL                           00000FF6
TBLPTRU                           00000FF8
TMR0                              00000FD6
TMR0H                             00000FD7
TMR0IE                            00000005
TMR0IF                            00000002
TMR0IP                            00000002
TMR0L                             00000FD6
TMR0ON                            00000007
TMR1                              00000FCE
TMR1CS                            00000001
TMR1H                             00000FCF
TMR1IE                            00000000
TMR1IF                            00000000
TMR1IP                            00000000
TMR1L                             00000FCE
TMR1ON                            00000000
TMR2                              00000FCC
TMR2IE                            00000001
TMR2IF                            00000001
TMR2IP                            00000001
TMR2ON                            00000002
TMR3                              00000FB2
TMR3CS                            00000001
TMR3H                             00000FB3
TMR3IE                            00000001
TMR3IF                            00000001
TMR3IP                            00000001
TMR3L                             00000FB2
TMR3ON                            00000000
TO                                00000003
TOS                               00000FFD
TOSH                              00000FFE
TOSL                              00000FFD
TOSU                              00000FFF
TOUTPS0                           00000003
TOUTPS1                           00000004
TOUTPS2                           00000005
TOUTPS3                           00000006
TRISA                             00000F92
MPASM  5.51                         BLINK.ASM   2-15-2018  14:11:02         PAGE 20


SYMBOL TABLE
  LABEL                             VALUE 

TRISA0                            00000000
TRISA1                            00000001
TRISA2                            00000002
TRISA3                            00000003
TRISA4                            00000004
TRISA5                            00000005
TRISA6                            00000006
TRISA7                            00000007
TRISB                             00000F93
TRISB0                            00000000
TRISB1                            00000001
TRISB2                            00000002
TRISB3                            00000003
TRISB4                            00000004
TRISB5                            00000005
TRISB6                            00000006
TRISB7                            00000007
TRISC                             00000F94
TRISC0                            00000000
TRISC1                            00000001
TRISC2                            00000002
TRISC3                            00000003
TRISC4                            00000004
TRISC5                            00000005
TRISC6                            00000006
TRISC7                            00000007
TRMT                              00000001
TUN0                              00000000
TUN1                              00000001
TUN2                              00000002
TUN3                              00000003
TUN4                              00000004
TX                                00000006
TX9                               00000006
TX9D                              00000000
TXCKP                             00000004
TXEN                              00000005
TXIE                              00000004
TXIF                              00000004
TXIP                              00000004
TXREG                             00000FAD
TXSTA                             00000FAC
UA                                00000001
VCFG0                             00000004
VCFG1                             00000005
VDIRMAG                           00000007
VPP                               00000003
VREFN                             00000002
VREFP                             00000003
W                                 00000000
WCOL                              00000007
WDTCON                            00000FD1
WR                                00000001
MPASM  5.51                         BLINK.ASM   2-15-2018  14:11:02         PAGE 21


SYMBOL TABLE
  LABEL                             VALUE 

WREG                              00000FE8
WREN                              00000002
WRERR                             00000003
WUE                               00000001
Z                                 00000002
_BOREN_NOSLP_2L                   000000FD
_BOREN_OFF_2L                     000000F9
_BOREN_ON_2L                      000000FB
_BOREN_SBORDIS_2L                 000000FF
_BORV_0_2L                        000000E7
_BORV_1_2L                        000000EF
_BORV_2_2L                        000000F7
_BORV_3_2L                        000000FF
_CCP2MX_PORTBE_3H                 000000FE
_CCP2MX_PORTC_3H                  000000FF
_CONFIG1H                         00300001
_CONFIG2H                         00300003
_CONFIG2L                         00300002
_CONFIG3H                         00300005
_CONFIG4L                         00300006
_CONFIG5H                         00300009
_CONFIG5L                         00300008
_CONFIG6H                         0030000B
_CONFIG6L                         0030000A
_CONFIG7H                         0030000D
_CONFIG7L                         0030000C
_CP0_OFF_5L                       000000FF
_CP0_ON_5L                        000000FE
_CP1_OFF_5L                       000000FF
_CP1_ON_5L                        000000FD
_CPB_OFF_5H                       000000FF
_CPB_ON_5H                        000000BF
_CPD_OFF_5H                       000000FF
_CPD_ON_5H                        0000007F
_DEBUG_OFF_4L                     000000FF
_DEBUG_ON_4L                      0000007F
_DEVID1                           003FFFFE
_DEVID2                           003FFFFF
_EBTR0_OFF_7L                     000000FF
_EBTR0_ON_7L                      000000FE
_EBTR1_OFF_7L                     000000FF
_EBTR1_ON_7L                      000000FD
_EBTRB_OFF_7H                     000000FF
_EBTRB_ON_7H                      000000BF
_FCMEN_OFF_1H                     000000BF
_FCMEN_ON_1H                      000000FF
_IDLOC0                           00200000
_IDLOC1                           00200001
_IDLOC2                           00200002
_IDLOC3                           00200003
_IDLOC4                           00200004
_IDLOC5                           00200005
_IDLOC6                           00200006
MPASM  5.51                         BLINK.ASM   2-15-2018  14:11:02         PAGE 22


SYMBOL TABLE
  LABEL                             VALUE 

_IDLOC7                           00200007
_IESO_OFF_1H                      0000007F
_IESO_ON_1H                       000000FF
_LPT1OSC_OFF_3H                   000000FB
_LPT1OSC_ON_3H                    000000FF
_LVP_OFF_4L                       000000FB
_LVP_ON_4L                        000000FF
_MCLRE_OFF_3H                     0000007F
_MCLRE_ON_3H                      000000FF
_OSC_ECIO6_1H                     000000F5
_OSC_EC_1H                        000000F4
_OSC_HSPLL_1H                     000000F6
_OSC_HS_1H                        000000F2
_OSC_INTIO67_1H                   000000F8
_OSC_INTIO7_1H                    000000F9
_OSC_LP_1H                        000000F0
_OSC_RCIO6_1H                     000000F7
_OSC_RC_1H                        000000F3
_OSC_XT_1H                        000000F1
_PBADEN_OFF_3H                    000000FD
_PBADEN_ON_3H                     000000FF
_PORTC??4                         PORTC, 004h
_PORTH                            00000F82
_PORTL                            00000F81
_PWRT_OFF_2L                      000000FF
_PWRT_ON_2L                       000000FE
_STVREN_OFF_4L                    000000FE
_STVREN_ON_4L                     000000FF
_TRISH                            00000F94
_TRISL                            00000F93
_USED                             00000001
_WDTPS_1024_2H                    000000F5
_WDTPS_128_2H                     000000EF
_WDTPS_16384_2H                   000000FD
_WDTPS_16_2H                      000000E9
_WDTPS_1_2H                       000000E1
_WDTPS_2048_2H                    000000F7
_WDTPS_256_2H                     000000F1
_WDTPS_2_2H                       000000E3
_WDTPS_32768_2H                   000000FF
_WDTPS_32_2H                      000000EB
_WDTPS_4096_2H                    000000F9
_WDTPS_4_2H                       000000E5
_WDTPS_512_2H                     000000F3
_WDTPS_64_2H                      000000ED
_WDTPS_8192_2H                    000000FB
_WDTPS_8_2H                       000000E7
_WDT_OFF_2H                       000000FE
_WDT_ON_2H                        000000FF
_WRT0_OFF_6L                      000000FF
_WRT0_ON_6L                       000000FE
_WRT1_OFF_6L                      000000FF
_WRT1_ON_6L                       000000FD
MPASM  5.51                         BLINK.ASM   2-15-2018  14:11:02         PAGE 23


SYMBOL TABLE
  LABEL                             VALUE 

_WRTB_OFF_6H                      000000FF
_WRTB_ON_6H                       000000BF
_WRTC_OFF_6H                      000000FF
_WRTC_ON_6H                       000000DF
_WRTD_OFF_6H                      000000FF
_WRTD_ON_6H                       0000007F
_XINST_OFF_4L                     000000BF
_XINST_ON_4L                      000000FF
__18F2420                         00000001
_main                             0000002C
main                              00000026
pauseloop                         00000008


MEMORY USAGE MAP ('X' = Used,  '-' = Unused)

0000 : XXXXXXXXXXXXXXXX XXXXXXXXXXXXXXXX XXXXXXXXXXXXXXXX XXXXXXXXXXXXXXXX
0040 : XXXXXX---------- ---------------- ---------------- ----------------
0000 : XXXXXXXX-------- ---------------- ---------------- ----------------

All other memory blocks unused.

Program Memory Bytes Used:    78
Program Memory Bytes Free: 16306


Errors   :     1
Warnings :     0 reported,     4 suppressed
Messages :     0 reported,     0 suppressed

